<?xml version="1.0" encoding="UTF-8"?>
<!-- Generated by org.testng.reporters.JUnitXMLReporter -->
<testsuite hostname="A0773L" ignored="0" name="Test" tests="1" failures="1" timestamp="28 Jan 2020 09:21:54 GMT" time="10.092" errors="0">
  <testcase name="tc" time="4.574" classname="Practice.Jenkins.ExcelReadData">
    <failure type="java.io.FileNotFoundException" message="D\Untitled 1 (The system cannot find the path specified)">
      <![CDATA[java.io.FileNotFoundException: D\Untitled 1 (The system cannot find the path specified)
at java.io.FileInputStream.open0(Native Method)
at java.io.FileInputStream.open(Unknown Source)
at java.io.FileInputStream.<init>(Unknown Source)
at java.io.FileInputStream.<init>(Unknown Source)
at Practice.Jenkins.ExcelReadData.readExcelData(ExcelReadData.java:58)
at Practice.Jenkins.ExcelReadData.tc(ExcelReadData.java:41)
... Removed 25 stack frames]]>
    </failure>
  </testcase> <!-- tc -->
</testsuite> <!-- Test -->
